[debug] [2021-10-04T17:04:31.710Z] ----------------------------------------------------------------------
[debug] [2021-10-04T17:04:31.711Z] Command:       /opt/homebrew/Cellar/node/15.10.0/bin/node /opt/homebrew/bin/firebase init hosting:github
[debug] [2021-10-04T17:04:31.712Z] CLI Version:   9.18.0
[debug] [2021-10-04T17:04:31.712Z] Platform:      darwin
[debug] [2021-10-04T17:04:31.712Z] Node Version:  v15.10.0
[debug] [2021-10-04T17:04:31.713Z] Time:          Mon Oct 04 2021 10:04:31 GMT-0700 (Pacific Daylight Time)
[debug] [2021-10-04T17:04:31.713Z] ----------------------------------------------------------------------
[debug] 
[debug] [2021-10-04T17:04:31.738Z] > command requires scopes: ["email","openid","https://www.googleapis.com/auth/cloudplatformprojects.readonly","https://www.googleapis.com/auth/firebase","https://www.googleapis.com/auth/cloud-platform"]
[debug] [2021-10-04T17:04:31.738Z] > authorizing via signed-in user (ethanjanadrake@gmail.com)
[info] 
     ######## #### ########  ######## ########     ###     ######  ########
     ##        ##  ##     ## ##       ##     ##  ##   ##  ##       ##
     ######    ##  ########  ######   ########  #########  ######  ######
     ##        ##  ##    ##  ##       ##     ## ##     ##       ## ##
     ##       #### ##     ## ######## ########  ##     ##  ######  ########

You're about to initialize a Firebase project in this directory:

  /Users/ethandrake/Documents/Code/aleckz-artstore

Before we get started, keep in mind:

  * You are initializing within an existing Firebase project directory

[info] 
=== Project Setup
[info] 
[info] First, let's associate this project directory with a Firebase project.
[info] You can create multiple project aliases by running firebase use --add, 
[info] but for now we'll just set up a default project.
[info] 
[info] i  .firebaserc already has a default project, using aleckz-artstore. 
[debug] [2021-10-04T17:04:31.740Z] > refreshing access token with scopes: []
[debug] [2021-10-04T17:04:31.740Z] >>> HTTP REQUEST POST https://www.googleapis.com/oauth2/v3/token  
 <request body omitted>
[debug] [2021-10-04T17:04:31.892Z] <<< HTTP RESPONSE 200 {"expires":"Mon, 01 Jan 1990 00:00:00 GMT","cache-control":"no-cache, no-store, max-age=0, must-revalidate","pragma":"no-cache","date":"Mon, 04 Oct 2021 17:04:31 GMT","content-type":"application/json; charset=utf-8","vary":"X-Origin, Referer, Origin,Accept-Encoding","server":"scaffolding on HTTPServer2","x-xss-protection":"0","x-frame-options":"SAMEORIGIN","x-content-type-options":"nosniff","alt-svc":"h3=\":443\"; ma=2592000,h3-29=\":443\"; ma=2592000,h3-T051=\":443\"; ma=2592000,h3-Q050=\":443\"; ma=2592000,h3-Q046=\":443\"; ma=2592000,h3-Q043=\":443\"; ma=2592000,quic=\":443\"; ma=2592000; v=\"46,43\"","accept-ranges":"none","transfer-encoding":"chunked"}
[debug] [2021-10-04T17:04:31.937Z] >>> [apiv2][query] GET https://firebase.googleapis.com/v1beta1/projects/aleckz-artstore [none]
[debug] [2021-10-04T17:04:32.240Z] <<< [apiv2][status] GET https://firebase.googleapis.com/v1beta1/projects/aleckz-artstore 200
[debug] [2021-10-04T17:04:32.240Z] <<< [apiv2][body] GET https://firebase.googleapis.com/v1beta1/projects/aleckz-artstore {"projectId":"aleckz-artstore","projectNumber":"240313621432","displayName":"aleckz-artstore","name":"projects/aleckz-artstore","resources":{"hostingSite":"aleckz-artstore","storageBucket":"aleckz-artstore.appspot.com","locationId":"us-west2"},"state":"ACTIVE"}
[info] 
=== Hosting:github Setup
[info] 
[info] i  Detected a .git folder at /Users/ethandrake/Documents/Code/aleckz-artstore 
[info] i  Authorizing with GitHub to upload your service account to a GitHub repository's secrets store. 
[info] 
[info] Visit this URL on this device to log in:
[info] https://github.com/login/oauth/authorize?client_id=89cf50f02ac6aaed3484&state=850494976&redirect_uri=http%3A%2F%2Flocalhost%3A9005&scope=read%3Auser%20repo%20public_repo
[info] 
[info] Waiting for authentication...
[debug] [2021-10-04T17:04:32.564Z] >>> HTTP REQUEST POST https://github.com/login/oauth/access_token  
 {"client_id":"89cf50f02ac6aaed3484","client_secret":"3330d14abc895d9a74d5f17cd7a00711fa2c5bf0","code":"892cd68bfc6b0001cde9","redirect_uri":"http://localhost:9005","state":"850494976"}
[debug] [2021-10-04T17:04:32.842Z] <<< HTTP RESPONSE 200 {"server":"GitHub.com","date":"Mon, 04 Oct 2021 17:04:32 GMT","content-type":"application/json; charset=utf-8","transfer-encoding":"chunked","vary":"X-PJAX, X-PJAX-Container, Accept-Encoding, Accept, X-Requested-With","permissions-policy":"interest-cohort=()","etag":"W/\"8cf5ebd319378ef1b66873b5ead1aca9\"","cache-control":"max-age=0, private, must-revalidate","strict-transport-security":"max-age=31536000; includeSubdomains; preload","x-frame-options":"deny","x-content-type-options":"nosniff","x-xss-protection":"0","referrer-policy":"origin-when-cross-origin, strict-origin-when-cross-origin","expect-ct":"max-age=2592000, report-uri=\"https://api.github.com/_private/browser/errors\"","content-security-policy":"default-src 'none'; base-uri 'self'; block-all-mixed-content; child-src github.com/assets-cdn/worker/ gist.github.com/assets-cdn/worker/; connect-src 'self' uploads.github.com www.githubstatus.com collector.githubapp.com api.github.com github-cloud.s3.amazonaws.com github-production-repository-file-5c1aeb.s3.amazonaws.com github-production-upload-manifest-file-7fdce7.s3.amazonaws.com github-production-user-asset-6210df.s3.amazonaws.com cdn.optimizely.com logx.optimizely.com/v1/events translator.github.com wss://alive.github.com; font-src github.githubassets.com; form-action 'self' github.com gist.github.com; frame-ancestors 'none'; frame-src render.githubusercontent.com viewscreen.githubusercontent.com viewscreen-lab.githubusercontent.com; img-src 'self' data: github.githubassets.com identicons.github.com collector.githubapp.com github-cloud.s3.amazonaws.com secured-user-images.githubusercontent.com/ *.githubusercontent.com; manifest-src 'self'; media-src github.com user-images.githubusercontent.com/; script-src github.githubassets.com; style-src 'unsafe-inline' github.githubassets.com; worker-src github.com/assets-cdn/worker/ gist.github.com/assets-cdn/worker/ github.com/socket-worker-0af8a29d.js gist.github.com/socket-worker-0af8a29d.js","x-github-request-id":"DDE2:4067:4DE90:5C0DC:615B3420"}
[debug] [2021-10-04T17:04:32.846Z] >>> [apiv2][query] GET https://api.github.com/user [none]
[debug] [2021-10-04T17:04:33.170Z] <<< [apiv2][status] GET https://api.github.com/user 200
[debug] [2021-10-04T17:04:33.171Z] <<< [apiv2][body] GET https://api.github.com/user {"login":"ethanjanadrake","id":69392035,"node_id":"MDQ6VXNlcjY5MzkyMDM1","avatar_url":"https://avatars.githubusercontent.com/u/69392035?v=4","gravatar_id":"","url":"https://api.github.com/users/ethanjanadrake","html_url":"https://github.com/ethanjanadrake","followers_url":"https://api.github.com/users/ethanjanadrake/followers","following_url":"https://api.github.com/users/ethanjanadrake/following{/other_user}","gists_url":"https://api.github.com/users/ethanjanadrake/gists{/gist_id}","starred_url":"https://api.github.com/users/ethanjanadrake/starred{/owner}{/repo}","subscriptions_url":"https://api.github.com/users/ethanjanadrake/subscriptions","organizations_url":"https://api.github.com/users/ethanjanadrake/orgs","repos_url":"https://api.github.com/users/ethanjanadrake/repos","events_url":"https://api.github.com/users/ethanjanadrake/events{/privacy}","received_events_url":"https://api.github.com/users/ethanjanadrake/received_events","type":"User","site_admin":false,"name":"Ethan Drake","company":null,"blog":"","location":"Philadelphia","email":null,"hireable":null,"bio":"B.S. Mech Eng.\r\nM.A. STEM Edu.\r\nFormer V.R. Engineer\r\nFormer High School Physics Teacher\r\nAspiring Web Developer","twitter_username":null,"public_repos":10,"public_gists":0,"followers":0,"following":0,"created_at":"2020-08-08T13:50:02Z","updated_at":"2021-09-15T18:31:44Z","private_gists":1,"total_private_repos":9,"owned_private_repos":9,"disk_usage":39672,"collaborators":0,"two_factor_authentication":false,"plan":{"name":"free","space":976562499,"collaborators":0,"private_repos":10000}}
[info] 
[info] ✔  Success! Logged into GitHub as ethanjanadrake 
[info] 
